============================================================
Data Format            : avatar
Data Filename          : ./ternary.data
Names File             : ./ternary.names
Truth Column           : 21
Skipped Feature Numbers: 14-19
Number of Folds        : 10
Number of Trees/Fold   : using stopping algorithm
Crossval Type          : N-fold
Seed for *rand48       : 24601
Training Data          : ./ternary.data
Verbosity              : 0
Split On Zero Gain     : FALSE
Subsample For Splits   : 0
Collapse Subtrees      : TRUE
Dynamic Bounds         : TRUE
Minimum Examples       : 2
Split Method           : C45 Style
Save Trees             : FALSE
Random Subspaces       : 100.000000
Bagging                : 100.00%
Output Accuracies      : TRUE
Output Predictions     : FALSE
Output Probabilities   : None
Output Confusion Matrix: TRUE
============================================================
Building Trees: 80
Stopping Algorithm Result: 45 trees with an oob accuracy of 100.0000%
Boosting Accuracy = 93.8834%
   TRUTH
 -1    0   1 
--- ---- --- 
187    0  41   -1
  0 1407  27   0     PREDICTIONS
 45   36 693   1

Building Trees: 80
Stopping Algorithm Result: 46 trees with an oob accuracy of 100.0000%
Boosting Accuracy = 94.1297%
   TRUTH
 -1    0   1 
--- ---- --- 
198    0  43   -1
  0 1405  29   0     PREDICTIONS
 34   37 690   1

Building Trees: 80
Stopping Algorithm Result: 45 trees with an oob accuracy of 100.0000%
Boosting Accuracy = 93.5961%
   TRUTH
 -1    0   1 
--- ---- --- 
185    0  41   -1
  0 1412  38   0     PREDICTIONS
 47   30 683   1

Building Trees: 100
Stopping Algorithm Result: 61 trees with an oob accuracy of 100.0000%
Boosting Accuracy = 94.7455%
   TRUTH
 -1    0   1 
--- ---- --- 
193    0  30   -1
  0 1413  30   0     PREDICTIONS
 39   29 702   1

Building Trees: 80
Stopping Algorithm Result: 41 trees with an oob accuracy of 100.0000%
Boosting Accuracy = 94.0066%
   TRUTH
 -1    0   1 
--- ---- --- 
180    0  33   -1
  0 1408  27   0     PREDICTIONS
 52   34 702   1

Building Trees: 100
Stopping Algorithm Result: 62 trees with an oob accuracy of 100.0000%
Boosting Accuracy = 95.3613%
   TRUTH
 -1    0   1 
--- ---- --- 
195    0  23   -1
  0 1411  22   0     PREDICTIONS
 37   31 717   1

Building Trees: 100
Stopping Algorithm Result: 61 trees with an oob accuracy of 100.0000%
Boosting Accuracy = 94.2118%
   TRUTH
 -1    0   1 
--- ---- --- 
191    0  36   -1
  0 1409  31   0     PREDICTIONS
 41   33 695   1

Building Trees: 100
Stopping Algorithm Result: 61 trees with an oob accuracy of 100.0000%
Boosting Accuracy = 94.5402%
   TRUTH
 -1    0   1 
--- ---- --- 
193    0  32   -1
  0 1406  26   0     PREDICTIONS
 38   37 704   1

Building Trees: 100
Stopping Algorithm Result: 61 trees with an oob accuracy of 100.0000%
Boosting Accuracy = 94.3350%
   TRUTH
 -1    0   1 
--- ---- --- 
196    0  40   -1
  0 1407  27   0     PREDICTIONS
 35   36 695   1

Building Trees: 80
Stopping Algorithm Result: 45 trees with an oob accuracy of 100.0000%
Boosting Accuracy = 95.1970%
   TRUTH
 -1    0   1 
--- ---- --- 
200    0  32   -1
  0 1421  32   0     PREDICTIONS
 31   22 698   1

Overall Voted Accuracy = 94.4007%
Overall Confusion Matrix:

    TRUTH
  -1     0    1 
---- ----- ---- 
1918     0  351   -1
   0 14099  289   0     PREDICTIONS
 399   325 6979   1

